Arguments: 
  /usr/local/Cellar/node/8.8.1/bin/node /usr/local/Cellar/yarn/1.2.1/libexec/bin/yarn.js

PATH: 
  /Users/tiffanielmore/bin:/usr/local/bin:/usr/bin:/bin:/usr/sbin:/sbin

Yarn version: 
  1.2.1

Node version: 
  8.8.1

Platform: 
  darwin x64

npm manifest: 
  {
    "name": "canvaspractice",
    "version": "1.0.0",
    "main": "app.js",
    "license": "MIT",
    "dependencies": {
      "express": "^4.15.3",
    },
    "scripts": {
      "start": "node app.js"
    }
  }

yarn manifest: 
  No manifest

Lockfile: 
  No lockfile

Trace: 
  SyntaxError: /Users/tiffanielmore/Desktop/Coding Resources/homework/canvaspractice/package.json: Unexpected token } in JSON at position 140
      at JSON.parse (<anonymous>)
      at /usr/local/Cellar/yarn/1.2.1/libexec/lib/cli.js:770:59
      at Generator.next (<anonymous>)
      at step (/usr/local/Cellar/yarn/1.2.1/libexec/lib/cli.js:92:30)
      at /usr/local/Cellar/yarn/1.2.1/libexec/lib/cli.js:103:13
      at <anonymous>
